2023-09-28 09:40:12.028 [info] Log level: Info
2023-09-28 09:40:12.028 [info] Validating found git in: "git"
2023-09-28 09:40:12.028 [info] Using git "2.34.1" from "git"
2023-09-28 09:40:12.028 [info] > git rev-parse --show-toplevel [13ms]
2023-09-28 09:40:12.028 [info] > git rev-parse --git-dir --git-common-dir [3ms]
2023-09-28 09:40:12.028 [info] Open repository: /home/user/webpages_tech/wireframe-exercise
2023-09-28 09:40:12.028 [info] > git config --get commit.template [10ms]
2023-09-28 09:40:12.028 [info] > git rev-parse --show-toplevel [29ms]
2023-09-28 09:40:12.028 [info] > git for-each-ref --format=%(refname)%00%(upstream:short)%00%(objectname)%00%(upstream:track)%00%(upstream:remotename)%00%(upstream:remoteref) refs/heads/main refs/remotes/main [21ms]
2023-09-28 09:40:12.028 [info] > git status -z -uall [72ms]
2023-09-28 09:40:12.028 [info] > git config --get commit.template [18ms]
2023-09-28 09:40:12.028 [info] > git for-each-ref --format=%(refname)%00%(upstream:short)%00%(objectname)%00%(upstream:track)%00%(upstream:remotename)%00%(upstream:remoteref) refs/heads/main refs/remotes/main [17ms]
2023-09-28 09:40:12.028 [info] > git status -z -uall [17ms]
2023-09-28 09:40:13.593 [info] > git check-ignore -v -z --stdin [373ms]
2023-09-28 09:40:15.885 [info] > git show --textconv :index.html [45ms]
2023-09-28 09:40:15.901 [info] > git ls-files --stage -- /home/user/webpages_tech/wireframe-exercise/index.html [17ms]
2023-09-28 09:40:15.938 [info] > git cat-file -s 8437f198fbeb0951381be50c9b1ae216073f4ea8 [20ms]
2023-09-28 09:41:16.447 [info] > git config --get commit.template [26ms]
2023-09-28 09:41:16.454 [info] > git for-each-ref --format=%(refname)%00%(upstream:short)%00%(objectname)%00%(upstream:track)%00%(upstream:remotename)%00%(upstream:remoteref) refs/heads/main refs/remotes/main [11ms]
2023-09-28 09:41:16.519 [info] > git status -z -uall [53ms]
2023-09-28 09:41:21.676 [info] > git config --get commit.template [34ms]
2023-09-28 09:41:21.681 [info] > git for-each-ref --format=%(refname)%00%(upstream:short)%00%(objectname)%00%(upstream:track)%00%(upstream:remotename)%00%(upstream:remoteref) refs/heads/main refs/remotes/main [12ms]
2023-09-28 09:41:21.707 [info] > git status -z -uall [16ms]
2023-09-28 09:41:28.971 [info] > git config --get commit.template [37ms]
2023-09-28 09:41:28.988 [info] > git for-each-ref --format=%(refname)%00%(upstream:short)%00%(objectname)%00%(upstream:track)%00%(upstream:remotename)%00%(upstream:remoteref) refs/heads/main refs/remotes/main [18ms]
2023-09-28 09:41:29.020 [info] > git status -z -uall [22ms]
2023-09-28 09:41:46.938 [info] > git config --get commit.template [14ms]
2023-09-28 09:41:46.939 [info] > git for-each-ref --format=%(refname)%00%(upstream:short)%00%(objectname)%00%(upstream:track)%00%(upstream:remotename)%00%(upstream:remoteref) refs/heads/main refs/remotes/main [6ms]
2023-09-28 09:41:46.977 [info] > git status -z -uall [27ms]
2023-09-28 09:41:52.006 [info] > git config --get commit.template [11ms]
2023-09-28 09:41:52.009 [info] > git for-each-ref --format=%(refname)%00%(upstream:short)%00%(objectname)%00%(upstream:track)%00%(upstream:remotename)%00%(upstream:remoteref) refs/heads/main refs/remotes/main [4ms]
2023-09-28 09:41:52.032 [info] > git status -z -uall [13ms]
2023-09-28 09:41:57.063 [info] > git config --get commit.template [11ms]
2023-09-28 09:41:57.066 [info] > git for-each-ref --format=%(refname)%00%(upstream:short)%00%(objectname)%00%(upstream:track)%00%(upstream:remotename)%00%(upstream:remoteref) refs/heads/main refs/remotes/main [3ms]
2023-09-28 09:41:57.086 [info] > git status -z -uall [11ms]
2023-09-28 09:42:10.312 [info] > git config --get commit.template [14ms]
2023-09-28 09:42:10.317 [info] > git for-each-ref --format=%(refname)%00%(upstream:short)%00%(objectname)%00%(upstream:track)%00%(upstream:remotename)%00%(upstream:remoteref) refs/heads/main refs/remotes/main [10ms]
2023-09-28 09:42:10.347 [info] > git status -z -uall [13ms]
2023-09-28 09:42:15.410 [info] > git config --get commit.template [27ms]
2023-09-28 09:42:15.420 [info] > git for-each-ref --format=%(refname)%00%(upstream:short)%00%(objectname)%00%(upstream:track)%00%(upstream:remotename)%00%(upstream:remoteref) refs/heads/main refs/remotes/main [10ms]
2023-09-28 09:42:15.462 [info] > git status -z -uall [24ms]
2023-09-28 09:42:21.064 [info] > git config --get commit.template [14ms]
2023-09-28 09:42:21.085 [info] > git for-each-ref --format=%(refname)%00%(upstream:short)%00%(objectname)%00%(upstream:track)%00%(upstream:remotename)%00%(upstream:remoteref) refs/heads/main refs/remotes/main [10ms]
2023-09-28 09:42:21.116 [info] > git status -z -uall [16ms]
2023-09-28 09:42:29.774 [info] > git config --get commit.template [27ms]
2023-09-28 09:42:29.793 [info] > git for-each-ref --format=%(refname)%00%(upstream:short)%00%(objectname)%00%(upstream:track)%00%(upstream:remotename)%00%(upstream:remoteref) refs/heads/main refs/remotes/main [19ms]
2023-09-28 09:42:29.813 [info] > git status -z -uall [12ms]
2023-09-28 09:42:34.886 [info] > git config --get commit.template [22ms]
2023-09-28 09:42:34.893 [info] > git for-each-ref --format=%(refname)%00%(upstream:short)%00%(objectname)%00%(upstream:track)%00%(upstream:remotename)%00%(upstream:remoteref) refs/heads/main refs/remotes/main [10ms]
2023-09-28 09:42:34.919 [info] > git status -z -uall [12ms]
2023-09-28 09:42:47.625 [info] > git config --get commit.template [10ms]
2023-09-28 09:42:47.629 [info] > git for-each-ref --format=%(refname)%00%(upstream:short)%00%(objectname)%00%(upstream:track)%00%(upstream:remotename)%00%(upstream:remoteref) refs/heads/main refs/remotes/main [5ms]
2023-09-28 09:42:47.662 [info] > git status -z -uall [25ms]
2023-09-28 09:42:50.495 [info] > git show --textconv :style.css [57ms]
2023-09-28 09:42:50.516 [info] > git ls-files --stage -- /home/user/webpages_tech/wireframe-exercise/style.css [20ms]
2023-09-28 09:42:50.551 [info] > git cat-file -s 82e697870cb308afe5e5f16642ce57e7629ee43a [2ms]
2023-09-28 09:42:52.694 [info] > git config --get commit.template [14ms]
2023-09-28 09:42:52.699 [info] > git for-each-ref --format=%(refname)%00%(upstream:short)%00%(objectname)%00%(upstream:track)%00%(upstream:remotename)%00%(upstream:remoteref) refs/heads/main refs/remotes/main [5ms]
2023-09-28 09:42:52.720 [info] > git status -z -uall [14ms]
2023-09-28 09:42:59.279 [info] > git config --get commit.template [22ms]
2023-09-28 09:42:59.287 [info] > git for-each-ref --format=%(refname)%00%(upstream:short)%00%(objectname)%00%(upstream:track)%00%(upstream:remotename)%00%(upstream:remoteref) refs/heads/main refs/remotes/main [9ms]
2023-09-28 09:42:59.303 [info] > git status -z -uall [9ms]
2023-09-28 09:43:04.351 [info] > git config --get commit.template [19ms]
2023-09-28 09:43:04.369 [info] > git for-each-ref --format=%(refname)%00%(upstream:short)%00%(objectname)%00%(upstream:track)%00%(upstream:remotename)%00%(upstream:remoteref) refs/heads/main refs/remotes/main [19ms]
2023-09-28 09:43:04.416 [info] > git status -z -uall [33ms]
2023-09-28 09:43:09.449 [info] > git config --get commit.template [20ms]
2023-09-28 09:43:09.451 [info] > git for-each-ref --format=%(refname)%00%(upstream:short)%00%(objectname)%00%(upstream:track)%00%(upstream:remotename)%00%(upstream:remoteref) refs/heads/main refs/remotes/main [3ms]
2023-09-28 09:43:09.469 [info] > git status -z -uall [8ms]
2023-09-28 09:43:14.563 [info] > git config --get commit.template [38ms]
2023-09-28 09:43:14.567 [info] > git for-each-ref --format=%(refname)%00%(upstream:short)%00%(objectname)%00%(upstream:track)%00%(upstream:remotename)%00%(upstream:remoteref) refs/heads/main refs/remotes/main [6ms]
2023-09-28 09:43:14.602 [info] > git status -z -uall [13ms]
2023-09-28 09:43:19.652 [info] > git config --get commit.template [8ms]
2023-09-28 09:43:19.654 [info] > git for-each-ref --format=%(refname)%00%(upstream:short)%00%(objectname)%00%(upstream:track)%00%(upstream:remotename)%00%(upstream:remoteref) refs/heads/main refs/remotes/main [3ms]
2023-09-28 09:43:19.669 [info] > git status -z -uall [8ms]
2023-09-28 09:44:00.161 [info] > git config --get commit.template [23ms]
2023-09-28 09:44:00.166 [info] > git for-each-ref --format=%(refname)%00%(upstream:short)%00%(objectname)%00%(upstream:track)%00%(upstream:remotename)%00%(upstream:remoteref) refs/heads/main refs/remotes/main [6ms]
2023-09-28 09:44:00.189 [info] > git status -z -uall [15ms]
2023-09-28 09:44:05.244 [info] > git config --get commit.template [17ms]
2023-09-28 09:44:05.249 [info] > git for-each-ref --format=%(refname)%00%(upstream:short)%00%(objectname)%00%(upstream:track)%00%(upstream:remotename)%00%(upstream:remoteref) refs/heads/main refs/remotes/main [6ms]
2023-09-28 09:44:05.284 [info] > git status -z -uall [21ms]
2023-09-28 09:44:10.321 [info] > git config --get commit.template [4ms]
2023-09-28 09:44:10.338 [info] > git for-each-ref --format=%(refname)%00%(upstream:short)%00%(objectname)%00%(upstream:track)%00%(upstream:remotename)%00%(upstream:remoteref) refs/heads/main refs/remotes/main [8ms]
2023-09-28 09:44:10.356 [info] > git status -z -uall [10ms]
2023-09-28 09:44:15.392 [info] > git config --get commit.template [18ms]
2023-09-28 09:44:15.398 [info] > git for-each-ref --format=%(refname)%00%(upstream:short)%00%(objectname)%00%(upstream:track)%00%(upstream:remotename)%00%(upstream:remoteref) refs/heads/main refs/remotes/main [15ms]
2023-09-28 09:44:15.441 [info] > git status -z -uall [4ms]
2023-09-28 09:44:20.484 [info] > git config --get commit.template [19ms]
2023-09-28 09:44:20.491 [info] > git for-each-ref --format=%(refname)%00%(upstream:short)%00%(objectname)%00%(upstream:track)%00%(upstream:remotename)%00%(upstream:remoteref) refs/heads/main refs/remotes/main [8ms]
2023-09-28 09:44:20.530 [info] > git status -z -uall [23ms]
2023-09-28 09:44:25.553 [info] > git config --get commit.template [7ms]
2023-09-28 09:44:25.558 [info] > git for-each-ref --format=%(refname)%00%(upstream:short)%00%(objectname)%00%(upstream:track)%00%(upstream:remotename)%00%(upstream:remoteref) refs/heads/main refs/remotes/main [6ms]
2023-09-28 09:44:25.572 [info] > git status -z -uall [8ms]
2023-09-28 09:45:02.837 [info] > git config --get commit.template [2ms]
2023-09-28 09:45:02.898 [info] > git for-each-ref --format=%(refname)%00%(upstream:short)%00%(objectname)%00%(upstream:track)%00%(upstream:remotename)%00%(upstream:remoteref) refs/heads/main refs/remotes/main [10ms]
2023-09-28 09:45:02.953 [info] > git status -z -uall [16ms]
2023-09-28 09:45:07.986 [info] > git config --get commit.template [7ms]
2023-09-28 09:45:08.003 [info] > git for-each-ref --format=%(refname)%00%(upstream:short)%00%(objectname)%00%(upstream:track)%00%(upstream:remotename)%00%(upstream:remoteref) refs/heads/main refs/remotes/main [7ms]
2023-09-28 09:45:08.032 [info] > git status -z -uall [20ms]
2023-09-28 09:45:13.079 [info] > git config --get commit.template [16ms]
2023-09-28 09:45:13.083 [info] > git for-each-ref --format=%(refname)%00%(upstream:short)%00%(objectname)%00%(upstream:track)%00%(upstream:remotename)%00%(upstream:remoteref) refs/heads/main refs/remotes/main [5ms]
2023-09-28 09:45:13.126 [info] > git status -z -uall [29ms]
