2023-09-27 13:17:35.109 [info] Reading sessions from keychain...
2023-09-27 13:17:35.109 [info] Getting sessions for all scopes...
2023-09-27 13:17:35.109 [info] Getting sessions for all scopes...
2023-09-27 13:17:35.109 [info] Getting sessions for user:email...
2023-09-27 13:17:35.125 [info] Got 0 sessions for ...
2023-09-27 13:17:35.125 [info] Got 0 sessions for ...
2023-09-27 13:17:35.125 [info] Got 0 sessions for user:email...
2023-09-27 13:17:40.079 [info] Getting sessions for all scopes...
2023-09-27 13:17:40.079 [info] Got 0 sessions for ...
2023-09-27 13:19:05.766 [info] Reading sessions from keychain...
2023-09-27 13:19:05.766 [info] Getting sessions for all scopes...
2023-09-27 13:19:05.766 [info] Getting sessions for user:email...
2023-09-27 13:19:05.861 [info] Got 0 sessions for ...
2023-09-27 13:19:05.862 [info] Got 0 sessions for user:email...
2023-09-27 13:19:06.054 [info] Getting sessions for all scopes...
2023-09-27 13:19:06.054 [info] Got 0 sessions for ...
2023-09-27 13:19:06.715 [info] Getting sessions for all scopes...
2023-09-27 13:19:06.722 [info] Got 0 sessions for ...
2023-09-27 13:19:09.676 [info] Getting sessions for read:user,repo,user:email,workflow...
2023-09-27 13:19:09.676 [info] Got 0 sessions for read:user,repo,user:email,workflow...
