2023-09-28 09:14:43.413 [info] Log level: Info
2023-09-28 09:14:43.413 [info] Validating found git in: "git"
2023-09-28 09:14:43.413 [info] Using git "2.34.1" from "git"
2023-09-28 09:14:43.413 [info] > git rev-parse --show-toplevel [30ms]
2023-09-28 09:14:43.413 [info] > git rev-parse --git-dir --git-common-dir [14ms]
2023-09-28 09:14:43.413 [info] Open repository: /home/user/webpages_tech/wireframe-exercise
2023-09-28 09:14:43.413 [info] > git config --get commit.template [22ms]
2023-09-28 09:14:43.413 [info] > git rev-parse --show-toplevel [14ms]
2023-09-28 09:14:43.458 [info] > git for-each-ref --format=%(refname)%00%(upstream:short)%00%(objectname)%00%(upstream:track)%00%(upstream:remotename)%00%(upstream:remoteref) refs/heads/main refs/remotes/main [50ms]
2023-09-28 09:14:44.166 [info] > git status -z -uall [698ms]
2023-09-28 09:14:44.495 [info] > git config --get commit.template [61ms]
2023-09-28 09:14:45.019 [info] > git for-each-ref --format=%(refname)%00%(upstream:short)%00%(objectname)%00%(upstream:track)%00%(upstream:remotename)%00%(upstream:remoteref) refs/heads/main refs/remotes/main [378ms]
2023-09-28 09:14:45.095 [info] > git check-ignore -v -z --stdin [79ms]
2023-09-28 09:14:45.104 [info] > git status -z -uall [52ms]
2023-09-28 09:14:50.689 [info] > git ls-files --stage -- /home/user/webpages_tech/wireframe-exercise/index.html [31ms]
2023-09-28 09:14:50.708 [info] > git show --textconv :index.html [99ms]
2023-09-28 09:14:50.755 [info] > git cat-file -s d5f52e1a94104d574c3f3648dee1525021da7c1e [48ms]
2023-09-28 09:14:53.660 [info] > git config --get commit.template [13ms]
2023-09-28 09:14:53.688 [info] > git for-each-ref --format=%(refname)%00%(upstream:short)%00%(objectname)%00%(upstream:track)%00%(upstream:remotename)%00%(upstream:remoteref) refs/heads/main refs/remotes/main [31ms]
2023-09-28 09:14:53.718 [info] > git status -z -uall [21ms]
2023-09-28 09:14:58.926 [info] > git config --get commit.template [10ms]
2023-09-28 09:14:58.953 [info] > git for-each-ref --format=%(refname)%00%(upstream:short)%00%(objectname)%00%(upstream:track)%00%(upstream:remotename)%00%(upstream:remoteref) refs/heads/main refs/remotes/main [11ms]
2023-09-28 09:14:58.970 [info] > git status -z -uall [11ms]
2023-09-28 09:15:04.034 [info] > git config --get commit.template [10ms]
2023-09-28 09:15:04.040 [info] > git for-each-ref --format=%(refname)%00%(upstream:short)%00%(objectname)%00%(upstream:track)%00%(upstream:remotename)%00%(upstream:remoteref) refs/heads/main refs/remotes/main [7ms]
2023-09-28 09:15:04.067 [info] > git status -z -uall [17ms]
2023-09-28 09:15:09.112 [info] > git for-each-ref --format=%(refname)%00%(upstream:short)%00%(objectname)%00%(upstream:track)%00%(upstream:remotename)%00%(upstream:remoteref) refs/heads/main refs/remotes/main [4ms]
2023-09-28 09:15:09.113 [info] > git config --get commit.template [18ms]
2023-09-28 09:15:09.140 [info] > git status -z -uall [12ms]
2023-09-28 09:15:14.205 [info] > git config --get commit.template [9ms]
2023-09-28 09:15:14.208 [info] > git for-each-ref --format=%(refname)%00%(upstream:short)%00%(objectname)%00%(upstream:track)%00%(upstream:remotename)%00%(upstream:remoteref) refs/heads/main refs/remotes/main [4ms]
2023-09-28 09:15:14.226 [info] > git status -z -uall [11ms]
2023-09-28 09:15:39.108 [info] > git config --get commit.template [21ms]
2023-09-28 09:15:39.116 [info] > git for-each-ref --format=%(refname)%00%(upstream:short)%00%(objectname)%00%(upstream:track)%00%(upstream:remotename)%00%(upstream:remoteref) refs/heads/main refs/remotes/main [11ms]
2023-09-28 09:15:39.153 [info] > git status -z -uall [18ms]
2023-09-28 09:16:19.606 [info] > git config --get commit.template [13ms]
2023-09-28 09:16:19.610 [info] > git for-each-ref --format=%(refname)%00%(upstream:short)%00%(objectname)%00%(upstream:track)%00%(upstream:remotename)%00%(upstream:remoteref) refs/heads/main refs/remotes/main [6ms]
2023-09-28 09:16:19.626 [info] > git status -z -uall [10ms]
2023-09-28 09:16:26.251 [info] > git config --get commit.template [8ms]
2023-09-28 09:16:26.252 [info] > git for-each-ref --format=%(refname)%00%(upstream:short)%00%(objectname)%00%(upstream:track)%00%(upstream:remotename)%00%(upstream:remoteref) refs/heads/main refs/remotes/main [2ms]
2023-09-28 09:16:26.268 [info] > git status -z -uall [10ms]
2023-09-28 09:16:31.318 [info] > git config --get commit.template [20ms]
2023-09-28 09:16:31.326 [info] > git for-each-ref --format=%(refname)%00%(upstream:short)%00%(objectname)%00%(upstream:track)%00%(upstream:remotename)%00%(upstream:remoteref) refs/heads/main refs/remotes/main [10ms]
2023-09-28 09:16:31.373 [info] > git status -z -uall [33ms]
2023-09-28 09:16:36.404 [info] > git config --get commit.template [7ms]
2023-09-28 09:16:36.411 [info] > git for-each-ref --format=%(refname)%00%(upstream:short)%00%(objectname)%00%(upstream:track)%00%(upstream:remotename)%00%(upstream:remoteref) refs/heads/main refs/remotes/main [8ms]
2023-09-28 09:16:36.429 [info] > git status -z -uall [9ms]
2023-09-28 09:16:41.492 [info] > git config --get commit.template [19ms]
2023-09-28 09:16:41.499 [info] > git for-each-ref --format=%(refname)%00%(upstream:short)%00%(objectname)%00%(upstream:track)%00%(upstream:remotename)%00%(upstream:remoteref) refs/heads/main refs/remotes/main [9ms]
2023-09-28 09:16:41.515 [info] > git status -z -uall [10ms]
2023-09-28 09:16:46.617 [info] > git config --get commit.template [29ms]
2023-09-28 09:16:46.637 [info] > git for-each-ref --format=%(refname)%00%(upstream:short)%00%(objectname)%00%(upstream:track)%00%(upstream:remotename)%00%(upstream:remoteref) refs/heads/main refs/remotes/main [40ms]
2023-09-28 09:16:46.696 [info] > git status -z -uall [46ms]
2023-09-28 09:16:54.542 [info] > git config --get commit.template [27ms]
2023-09-28 09:16:54.557 [info] > git for-each-ref --format=%(refname)%00%(upstream:short)%00%(objectname)%00%(upstream:track)%00%(upstream:remotename)%00%(upstream:remoteref) refs/heads/main refs/remotes/main [21ms]
2023-09-28 09:16:54.632 [info] > git status -z -uall [27ms]
2023-09-28 09:17:22.521 [info] > git config --get commit.template [19ms]
2023-09-28 09:17:22.528 [info] > git for-each-ref --format=%(refname)%00%(upstream:short)%00%(objectname)%00%(upstream:track)%00%(upstream:remotename)%00%(upstream:remoteref) refs/heads/main refs/remotes/main [9ms]
2023-09-28 09:17:22.554 [info] > git status -z -uall [18ms]
