2023-09-27 13:17:16.231 [info] Added views:workbench.panel.markers.view in workbench.panel.markers
2023-09-27 13:17:16.231 [info] Added views:workbench.panel.output in workbench.panel.output
2023-09-27 13:17:16.231 [info] Added views:terminal in terminal
2023-09-27 13:17:16.231 [info] Added views:outline in workbench.view.explorer
2023-09-27 13:17:16.231 [info] Added views:workbench.scm in workbench.view.scm
2023-09-27 13:17:16.231 [info] Added views:workbench.view.search in workbench.view.search
2023-09-27 13:17:16.231 [info] Added views:timeline in workbench.view.explorer
2023-09-27 13:17:16.231 [info] Added views:workbench.explorer.emptyView in workbench.view.explorer
2023-09-27 13:17:19.937 [info] Added views:workbench.debug.variablesView,workbench.debug.watchExpressionsView,workbench.debug.callStackView,workbench.debug.breakPointsView in workbench.view.debug
2023-09-27 13:17:33.456 [info] Added views:vscode-edge-devtools-view.targets,vscode-edge-devtools-view.help-links in workbench.view.extension.vscode-edge-devtools-view
2023-09-27 13:17:33.658 [info] Added views:~remote.forwardedPorts in ~remote.forwardedPortsContainer
2023-09-27 13:17:34.264 [info] Added views:workbench.panel.repl.view in workbench.panel.repl
2023-09-27 13:17:34.267 [info] Removed views:workbench.debug.breakPointsView,workbench.debug.callStackView,workbench.debug.watchExpressionsView,workbench.debug.variablesView from workbench.view.debug
2023-09-27 13:17:34.268 [info] Added views:workbench.debug.welcome in workbench.view.debug
2023-09-27 13:18:58.256 [info] Added views:workbench.panel.markers.view in workbench.panel.markers
2023-09-27 13:18:58.256 [info] Added views:workbench.panel.output in workbench.panel.output
2023-09-27 13:18:58.256 [info] Added views:terminal in terminal
2023-09-27 13:18:58.256 [info] Added views:outline in workbench.view.explorer
2023-09-27 13:18:58.256 [info] Added views:workbench.scm in workbench.view.scm
2023-09-27 13:18:58.256 [info] Added views:workbench.view.search in workbench.view.search
2023-09-27 13:18:58.256 [info] Added views:timeline in workbench.view.explorer
2023-09-27 13:18:58.256 [info] Added views:workbench.explorer.fileView in workbench.view.explorer
2023-09-27 13:18:58.997 [info] Added views:vscode-edge-devtools-view.targets,vscode-edge-devtools-view.help-links in workbench.view.extension.vscode-edge-devtools-view
2023-09-27 13:18:59.502 [info] Added views:workbench.debug.variablesView,workbench.debug.watchExpressionsView,workbench.debug.callStackView,workbench.debug.breakPointsView in workbench.view.debug
2023-09-27 13:19:00.394 [info] Added views:workbench.panel.repl.view in workbench.panel.repl
2023-09-27 13:19:00.397 [info] Removed views:workbench.debug.breakPointsView,workbench.debug.callStackView,workbench.debug.watchExpressionsView,workbench.debug.variablesView from workbench.view.debug
2023-09-27 13:19:00.402 [info] Added views:workbench.debug.welcome in workbench.view.debug
2023-09-27 13:19:05.069 [info] Added views:~remote.forwardedPorts in ~remote.forwardedPortsContainer
